<?xml version="1.0" encoding="UTF-8"?>
<testng-results ignored="1" total="4" passed="2" failed="1" skipped="0">
  <reporter-output>
  </reporter-output>
  <suite started-at="2022-09-09T21:26:38 IST" name="Default suite" finished-at="2022-09-09T21:26:41 IST" duration-ms="3059">
    <groups>
    </groups>
    <test started-at="2022-09-09T21:26:38 IST" name="Default test" finished-at="2022-09-09T21:26:41 IST" duration-ms="3059">
      <class name="testCase.TestNG">
        <test-method is-config="true" signature="beforeClass()[pri:0, instance:testCase.TestNG@5af3afd9]" started-at="2022-09-09T21:26:38 IST" name="beforeClass" finished-at="2022-09-09T21:26:38 IST" duration-ms="5" status="PASS">
          <reporter-output>
          </reporter-output>
        </test-method> <!-- beforeClass -->
        <test-method is-config="true" signature="beforeMethod()[pri:0, instance:testCase.TestNG@5af3afd9]" started-at="2022-09-09T21:26:38 IST" name="beforeMethod" finished-at="2022-09-09T21:26:38 IST" duration-ms="1" status="PASS">
          <reporter-output>
          </reporter-output>
        </test-method> <!-- beforeMethod -->
        <test-method signature="TestD()[pri:0, instance:testCase.TestNG@5af3afd9]" started-at="2022-09-09T21:26:38 IST" name="TestD" finished-at="2022-09-09T21:26:41 IST" duration-ms="3014" status="FAIL">
          <exception class="org.testng.internal.thread.ThreadTimeoutException">
            <message>
              <![CDATA[Method testCase.TestNG.TestD() didn't finish within the time-out 3000]]>
            </message>
            <full-stacktrace>
              <![CDATA[org.testng.internal.thread.ThreadTimeoutException: Method testCase.TestNG.TestD() didn't finish within the time-out 3000
at org.testng.internal.MethodInvocationHelper.invokeWithTimeoutWithNewExecutor(MethodInvocationHelper.java:384)
at org.testng.internal.MethodInvocationHelper.invokeWithTimeout(MethodInvocationHelper.java:283)
at org.testng.internal.TestInvoker.invokeMethod(TestInvoker.java:604)
at org.testng.internal.TestInvoker.invokeTestMethod(TestInvoker.java:173)
at org.testng.internal.MethodRunner.runInSequence(MethodRunner.java:46)
at org.testng.internal.TestInvoker$MethodInvocationAgent.invoke(TestInvoker.java:824)
at org.testng.internal.TestInvoker.invokeTestMethods(TestInvoker.java:146)
at org.testng.internal.TestMethodWorker.invokeTestMethods(TestMethodWorker.java:146)
at org.testng.internal.TestMethodWorker.run(TestMethodWorker.java:128)
at java.base/java.util.ArrayList.forEach(ArrayList.java:1511)
at org.testng.TestRunner.privateRun(TestRunner.java:794)
at org.testng.TestRunner.run(TestRunner.java:596)
at org.testng.SuiteRunner.runTest(SuiteRunner.java:377)
at org.testng.SuiteRunner.runSequentially(SuiteRunner.java:371)
at org.testng.SuiteRunner.privateRun(SuiteRunner.java:332)
at org.testng.SuiteRunner.run(SuiteRunner.java:276)
at org.testng.SuiteRunnerWorker.runSuite(SuiteRunnerWorker.java:53)
at org.testng.SuiteRunnerWorker.run(SuiteRunnerWorker.java:96)
at org.testng.TestNG.runSuitesSequentially(TestNG.java:1212)
at org.testng.TestNG.runSuitesLocally(TestNG.java:1134)
at org.testng.TestNG.runSuites(TestNG.java:1063)
at org.testng.TestNG.run(TestNG.java:1031)
at org.testng.remote.AbstractRemoteTestNG.run(AbstractRemoteTestNG.java:115)
at org.testng.remote.RemoteTestNG.initAndRun(RemoteTestNG.java:251)
at org.testng.remote.RemoteTestNG.main(RemoteTestNG.java:77)
]]>
            </full-stacktrace>
          </exception> <!-- org.testng.internal.thread.ThreadTimeoutException -->
          <reporter-output>
          </reporter-output>
        </test-method> <!-- TestD -->
        <test-method is-config="true" signature="afterMethod()[pri:0, instance:testCase.TestNG@5af3afd9]" started-at="2022-09-09T21:26:41 IST" name="afterMethod" finished-at="2022-09-09T21:26:41 IST" duration-ms="0" status="PASS">
          <reporter-output>
          </reporter-output>
        </test-method> <!-- afterMethod -->
        <test-method is-config="true" signature="beforeMethod()[pri:0, instance:testCase.TestNG@5af3afd9]" started-at="2022-09-09T21:26:41 IST" name="beforeMethod" finished-at="2022-09-09T21:26:41 IST" duration-ms="0" status="PASS">
          <reporter-output>
          </reporter-output>
        </test-method> <!-- beforeMethod -->
        <test-method signature="TestB()[pri:1, instance:testCase.TestNG@5af3afd9]" started-at="2022-09-09T21:26:41 IST" name="TestB" finished-at="2022-09-09T21:26:41 IST" duration-ms="1" status="PASS">
          <reporter-output>
          </reporter-output>
        </test-method> <!-- TestB -->
        <test-method is-config="true" signature="afterMethod()[pri:0, instance:testCase.TestNG@5af3afd9]" started-at="2022-09-09T21:26:41 IST" name="afterMethod" finished-at="2022-09-09T21:26:41 IST" duration-ms="0" status="PASS">
          <reporter-output>
          </reporter-output>
        </test-method> <!-- afterMethod -->
        <test-method is-config="true" signature="beforeMethod()[pri:0, instance:testCase.TestNG@5af3afd9]" started-at="2022-09-09T21:26:41 IST" name="beforeMethod" finished-at="2022-09-09T21:26:41 IST" duration-ms="1" status="PASS">
          <reporter-output>
          </reporter-output>
        </test-method> <!-- beforeMethod -->
        <test-method signature="TestB()[pri:1, instance:testCase.TestNG@5af3afd9]" started-at="2022-09-09T21:26:41 IST" name="TestB" finished-at="2022-09-09T21:26:41 IST" duration-ms="0" status="PASS">
          <reporter-output>
          </reporter-output>
        </test-method> <!-- TestB -->
        <test-method is-config="true" signature="afterMethod()[pri:0, instance:testCase.TestNG@5af3afd9]" started-at="2022-09-09T21:26:41 IST" name="afterMethod" finished-at="2022-09-09T21:26:41 IST" duration-ms="0" status="PASS">
          <reporter-output>
          </reporter-output>
        </test-method> <!-- afterMethod -->
        <test-method is-config="true" signature="afterClass()[pri:0, instance:testCase.TestNG@5af3afd9]" started-at="2022-09-09T21:26:41 IST" name="afterClass" finished-at="2022-09-09T21:26:41 IST" duration-ms="0" status="PASS">
          <reporter-output>
          </reporter-output>
        </test-method> <!-- afterClass -->
      </class> <!-- testCase.TestNG -->
    </test> <!-- Default test -->
  </suite> <!-- Default suite -->
</testng-results>
